  0%|          | 0/248 [00:00<?, ?it/s]/pytorch/aten/src/ATen/native/cuda/Indexing.cu:658: indexSelectLargeIndex: block: [370,0,0], thread: [0,0,0] Assertion `srcIndex < srcSelectDimSize` failed.
/pytorch/aten/src/ATen/native/cuda/Indexing.cu:658: indexSelectLargeIndex: block: [370,0,0], thread: [1,0,0] Assertion `srcIndex < srcSelectDimSize` failed.
/pytorch/aten/src/ATen/native/cuda/Indexing.cu:658: indexSelectLargeIndex: block: [370,0,0], thread: [2,0,0] Assertion `srcIndex < srcSelectDimSize` failed.
/pytorch/aten/src/ATen/native/cuda/Indexing.cu:658: indexSelectLargeIndex: block: [370,0,0], thread: [3,0,0] Assertion `srcIndex < srcSelectDimSize` failed.
/pytorch/aten/src/ATen/native/cuda/Indexing.cu:658: indexSelectLargeIndex: block: [370,0,0], thread: [4,0,0] Assertion `srcIndex < srcSelectDimSize` failed.
/pytorch/aten/src/ATen/native/cuda/Indexing.cu:658: indexSelectLargeIndex: block: [370,0,0], thread: [5,0,0] Assertion `srcIndex < srcSelectDimSize` failed.
/pytorch/aten/src/ATen/native/cuda/Indexing.cu:658: indexSelectLargeIndex: block: [370,0,0], thread: [6,0,0] Assertion `srcIndex < srcSelectDimSize` failed.
/pytorch/aten/src/ATen/native/cuda/Indexing.cu:658: indexSelectLargeIndex: block: [370,0,0], thread: [7,0,0] Assertion `srcIndex < srcSelectDimSize` failed.
/pytorch/aten/src/ATen/native/cuda/Indexing.cu:658: indexSelectLargeIndex: block: [370,0,0], thread: [8,0,0] Assertion `srcIndex < srcSelectDimSize` failed.
/pytorch/aten/src/ATen/native/cuda/Indexing.cu:658: indexSelectLargeIndex: block: [370,0,0], thread: [9,0,0] Assertion `srcIndex < srcSelectDimSize` failed.
/pytorch/aten/src/ATen/native/cuda/Indexing.cu:658: indexSelectLargeIndex: block: [370,0,0], thread: [10,0,0] Assertion `srcIndex < srcSelectDimSize` failed.
/pytorch/aten/src/ATen/native/cuda/Indexing.cu:658: indexSelectLargeIndex: block: [370,0,0], thread: [11,0,0] Assertion `srcIndex < srcSelectDimSize` failed.
/pytorch/aten/src/ATen/native/cuda/Indexing.cu:658: indexSelectLargeIndex: block: [370,0,0], thread: [12,0,0] Assertion `srcIndex < srcSelectDimSize` failed.
/pytorch/aten/src/ATen/native/cuda/Indexing.cu:658: indexSelectLargeIndex: block: [370,0,0], thread: [13,0,0] Assertion `srcIndex < srcSelectDimSize` failed.
/pytorch/aten/src/ATen/native/cuda/Indexing.cu:658: indexSelectLargeIndex: block: [370,0,0], thread: [14,0,0] Assertion `srcIndex < srcSelectDimSize` failed.
/pytorch/aten/src/ATen/native/cuda/Indexing.cu:658: indexSelectLargeIndex: block: [370,0,0], thread: [15,0,0] Assertion `srcIndex < srcSelectDimSize` failed.
/pytorch/aten/src/ATen/native/cuda/Indexing.cu:658: indexSelectLargeIndex: block: [370,0,0], thread: [16,0,0] Assertion `srcIndex < srcSelectDimSize` failed.
/pytorch/aten/src/ATen/native/cuda/Indexing.cu:658: indexSelectLargeIndex: block: [370,0,0], thread: [17,0,0] Assertion `srcIndex < srcSelectDimSize` failed.
/pytorch/aten/src/ATen/native/cuda/Indexing.cu:658: indexSelectLargeIndex: block: [370,0,0], thread: [18,0,0] Assertion `srcIndex < srcSelectDimSize` failed.
/pytorch/aten/src/ATen/native/cuda/Indexing.cu:658: indexSelectLargeIndex: block: [370,0,0], thread: [19,0,0] Assertion `srcIndex < srcSelectDimSize` failed.
/pytorch/aten/src/ATen/native/cuda/Indexing.cu:658: indexSelectLargeIndex: block: [370,0,0], thread: [20,0,0] Assertion `srcIndex < srcSelectDimSize` failed.
/pytorch/aten/src/ATen/native/cuda/Indexing.cu:658: indexSelectLargeIndex: block: [370,0,0], thread: [21,0,0] Assertion `srcIndex < srcSelectDimSize` failed.
/pytorch/aten/src/ATen/native/cuda/Indexing.cu:658: indexSelectLargeIndex: block: [370,0,0], thread: [22,0,0] Assertion `srcIndex < srcSelectDimSize` failed.
/pytorch/aten/src/ATen/native/cuda/Indexing.cu:658: indexSelectLargeIndex: block: [370,0,0], thread: [23,0,0] Assertion `srcIndex < srcSelectDimSize` failed.
/pytorch/aten/src/ATen/native/cuda/Indexing.cu:658: indexSelectLargeIndex: block: [370,0,0], thread: [24,0,0] Assertion `srcIndex < srcSelectDimSize` failed.
/pytorch/aten/src/ATen/native/cuda/Indexing.cu:658: indexSelectLargeIndex: block: [370,0,0], thread: [25,0,0] Assertion `srcIndex < srcSelectDimSize` failed.
/pytorch/aten/src/ATen/native/cuda/Indexing.cu:658: indexSelectLargeIndex: block: [370,0,0], thread: [26,0,0] Assertion `srcIndex < srcSelectDimSize` failed.
/pytorch/aten/src/ATen/native/cuda/Indexing.cu:658: indexSelectLargeIndex: block: [370,0,0], thread: [27,0,0] Assertion `srcIndex < srcSelectDimSize` failed.
/pytorch/aten/src/ATen/native/cuda/Indexing.cu:658: indexSelectLargeIndex: block: [370,0,0], thread: [28,0,0] Assertion `srcIndex < srcSelectDimSize` failed.
/pytorch/aten/src/ATen/native/cuda/Indexing.cu:658: indexSelectLargeIndex: block: [370,0,0], thread: [29,0,0] Assertion `srcIndex < srcSelectDimSize` failed.
/pytorch/aten/src/ATen/native/cuda/Indexing.cu:658: indexSelectLargeIndex: block: [370,0,0], thread: [30,0,0] Assertion `srcIndex < srcSelectDimSize` failed.
/pytorch/aten/src/ATen/native/cuda/Indexing.cu:658: indexSelectLargeIndex: block: [370,0,0], thread: [31,0,0] Assertion `srcIndex < srcSelectDimSize` failed.
Traceback (most recent call last):
  File "/home/pfrod/anaconda3/envs/env_minus/lib/python3.7/site-packages/transformers/trainer.py", line 889, in train
    tr_loss += self.training_step(model, inputs)
  File "/home/pfrod/anaconda3/envs/env_minus/lib/python3.7/site-packages/transformers/trainer.py", line 1251, in training_step
    loss = self.compute_loss(model, inputs)
  File "/home/pfrod/anaconda3/envs/env_minus/lib/python3.7/site-packages/transformers/trainer.py", line 1280, in compute_loss
    outputs = model(**inputs)
  File "/home/pfrod/anaconda3/envs/env_minus/lib/python3.7/site-packages/torch/nn/modules/module.py", line 727, in _call_impl
    result = self.forward(*input, **kwargs)
  File "/home/pfrod/anaconda3/envs/env_minus/lib/python3.7/site-packages/transformers/models/roberta/modeling_roberta.py", line 1146, in forward
    return_dict=return_dict,
  File "/home/pfrod/anaconda3/envs/env_minus/lib/python3.7/site-packages/torch/nn/modules/module.py", line 727, in _call_impl
    result = self.forward(*input, **kwargs)
  File "/home/pfrod/anaconda3/envs/env_minus/lib/python3.7/site-packages/transformers/models/roberta/modeling_roberta.py", line 808, in forward
    return_dict=return_dict,
  File "/home/pfrod/anaconda3/envs/env_minus/lib/python3.7/site-packages/torch/nn/modules/module.py", line 727, in _call_impl
    result = self.forward(*input, **kwargs)
  File "/home/pfrod/anaconda3/envs/env_minus/lib/python3.7/site-packages/transformers/models/roberta/modeling_roberta.py", line 505, in forward
    output_attentions,
  File "/home/pfrod/anaconda3/envs/env_minus/lib/python3.7/site-packages/torch/nn/modules/module.py", line 727, in _call_impl
    result = self.forward(*input, **kwargs)
  File "/home/pfrod/anaconda3/envs/env_minus/lib/python3.7/site-packages/transformers/models/roberta/modeling_roberta.py", line 398, in forward
    past_key_value=self_attn_past_key_value,
  File "/home/pfrod/anaconda3/envs/env_minus/lib/python3.7/site-packages/torch/nn/modules/module.py", line 727, in _call_impl
    result = self.forward(*input, **kwargs)
  File "/home/pfrod/anaconda3/envs/env_minus/lib/python3.7/site-packages/transformers/models/roberta/modeling_roberta.py", line 328, in forward
    output_attentions,
  File "/home/pfrod/anaconda3/envs/env_minus/lib/python3.7/site-packages/torch/nn/modules/module.py", line 727, in _call_impl
    result = self.forward(*input, **kwargs)
  File "/home/pfrod/anaconda3/envs/env_minus/lib/python3.7/site-packages/transformers/models/roberta/modeling_roberta.py", line 185, in forward
    mixed_query_layer = self.query(hidden_states)
  File "/home/pfrod/anaconda3/envs/env_minus/lib/python3.7/site-packages/torch/nn/modules/module.py", line 727, in _call_impl
    result = self.forward(*input, **kwargs)
  File "/home/pfrod/anaconda3/envs/env_minus/lib/python3.7/site-packages/torch/nn/modules/linear.py", line 93, in forward
    return F.linear(input, self.weight, self.bias)
  File "/home/pfrod/anaconda3/envs/env_minus/lib/python3.7/site-packages/torch/nn/functional.py", line 1692, in linear
    output = input.matmul(weight.t())
RuntimeError: CUDA error: CUBLAS_STATUS_ALLOC_FAILED when calling `cublasCreate(handle)`

During handling of the above exception, another exception occurred:

Traceback (most recent call last):
  File "/home/pfrod/architectures/bert_tout_court.py", line 78, in <module>
    trainer.train()
  File "/home/pfrod/anaconda3/envs/env_minus/lib/python3.7/site-packages/transformers/trainer.py", line 891, in train
    print(inputs, inputs.shape)
AttributeError: 'dict' object has no attribute 'shape'
